#
# A fatal error has been detected by the Java Runtime Environment:
#
#  Internal Error (javaClasses.cpp:129), pid=7060, tid=1248
#  fatal error: Invalid layout of preloaded class
#
# JRE version: 7.0_06-b24
# Java VM: Java HotSpot(TM) 64-Bit Server VM (23.2-b09 mixed mode windows-amd64 compressed oops)
# Failed to write core dump. Minidumps are not enabled by default on client versions of Windows
#
# If you would like to submit a bug report, please visit:
#   http://bugreport.sun.com/bugreport/crash.jsp
#

---------------  T H R E A D  ---------------

Current thread (0x00000000020cd800):  JavaThread "Unknown thread" [_thread_in_vm, id=1248, stack(0x00000000020d0000,0x00000000021d0000)]

Stack: [0x00000000020d0000,0x00000000021d0000]

---------------  P R O C E S S  ---------------

Java Threads: ( => current thread )

Other Threads:

=>0x00000000020cd800 (exited) JavaThread "Unknown thread" [_thread_in_vm, id=1248, stack(0x00000000020d0000,0x00000000021d0000)]

VM state:not at safepoint (not fully initialized)

VM Mutex/Monitor currently owned by a thread: None

GC Heap History (0 events):
No events

Deoptimization events (0 events):
No events

Internal exceptions (0 events):
No events

Events (10 events):
Event: 0.009 loading class 0x00000000021e3040 done
Event: 0.009 loading class 0x00000000021e3490 done
Event: 0.009 loading class 0x00000000021e3070
Event: 0.009 loading class 0x0000000002220d00
Event: 0.009 loading class 0x0000000002220d00 done
Event: 0.009 loading class 0x00000000084ef520
Event: 0.009 loading class 0x00000000084ef520 done
Event: 0.009 loading class 0x000000000226a550
Event: 0.009 loading class 0x000000000226a550 done
Event: 0.009 loading class 0x00000000021e3070 done


Dynamic libraries:
0x000007f7354a0000 - 0x000007f7354d4000 	C:\Program Files\Java\jre7\bin\javaw.exe
0x000007f9cfb40000 - 0x000007f9cfcfe000 	C:\Windows\SYSTEM32\ntdll.dll
0x000007f9cd240000 - 0x000007f9cd376000 	C:\Windows\system32\KERNEL32.DLL
0x000007f9ccc70000 - 0x000007f9ccd63000 	C:\Windows\system32\KERNELBASE.dll
0x000007f9ce8e0000 - 0x000007f9ce9be000 	C:\Windows\system32\ADVAPI32.dll
0x000007f9cea50000 - 0x000007f9ceb9c000 	C:\Windows\system32\USER32.dll
0x000007f9ca210000 - 0x000007f9ca479000 	C:\Windows\WinSxS\amd64_microsoft.windows.common-controls_6595b64144ccf1df_6.0.9200.16384_none_418c2a697189c07f\COMCTL32.dll
0x000007f9cfa90000 - 0x000007f9cfb35000 	C:\Windows\system32\msvcrt.dll
0x000007f9cf500000 - 0x000007f9cf548000 	C:\Windows\SYSTEM32\sechost.dll
0x000007f9cd0d0000 - 0x000007f9cd210000 	C:\Windows\system32\RPCRT4.dll
0x000007f9ceba0000 - 0x000007f9cece0000 	C:\Windows\system32\GDI32.dll
0x000007f9ce7e0000 - 0x000007f9ce819000 	C:\Windows\system32\IMM32.DLL
0x000007f9ccfb0000 - 0x000007f9cd0c4000 	C:\Windows\system32\MSCTF.dll
0x000000005dee0000 - 0x000000005dfb1000 	C:\Program Files\Java\jre7\bin\msvcr100.dll
0x000000005d4a0000 - 0x000000005dbbf000 	C:\Program Files\Java\jre7\bin\server\jvm.dll
0x000007f9c3230000 - 0x000007f9c3239000 	C:\Windows\SYSTEM32\WSOCK32.dll
0x000007f9cb060000 - 0x000007f9cb080000 	C:\Windows\SYSTEM32\WINMM.dll
0x000007f9ce9c0000 - 0x000007f9ce9c7000 	C:\Windows\system32\PSAPI.DLL
0x000007f9cf720000 - 0x000007f9cf778000 	C:\Windows\system32\WS2_32.dll
0x000007f9caec0000 - 0x000007f9caef2000 	C:\Windows\SYSTEM32\WINMMBASE.dll
0x000007f9ce9d0000 - 0x000007f9ce9d9000 	C:\Windows\system32\NSI.dll
0x000000005ded0000 - 0x000000005dedf000 	C:\Program Files\Java\jre7\bin\verify.dll
0x000000005dea0000 - 0x000000005dec8000 	C:\Program Files\Java\jre7\bin\java.dll
0x000000005de80000 - 0x000000005de95000 	C:\Program Files\Java\jre7\bin\zip.dll

VM Arguments:
jvm_args: -Dfile.encoding=Cp1252 -Xbootclasspath:C:\development\Android\android-sdk\platforms\android-16\android.jar 
java_command: com.melitta.nfcgb.persistence.DatabaseConfigUtil
Launcher Type: SUN_STANDARD

Environment Variables:
CLASSPATH=.;C:\Program Files (x86)\Java\jre7\lib\ext\QTJava.zip
PATH=C:\Program Files (x86)\NVIDIA Corporation\PhysX\Common;C:\Windows\system32;C:\Windows;C:\Windows\System32\Wbem;C:\Windows\System32\WindowsPowerShell\v1.0\;C:\Program Files\MiKTeX 2.9\miktex\bin\x64\;C:\Windows\System32\WindowsPowerShell\v1.0\;C:\cygwin\bin;C:\Program Files (x86)\QuickTime\QTSystem\
USERNAME=melitta
OS=Windows_NT
PROCESSOR_IDENTIFIER=Intel64 Family 6 Model 37 Stepping 5, GenuineIntel



---------------  S Y S T E M  ---------------

OS: Windows 8 , 64 bit Build 9200 

CPU:total 4 (2 cores per cpu, 2 threads per core) family 6 model 37 stepping 5, cmov, cx8, fxsr, mmx, sse, sse2, sse3, ssse3, sse4.1, sse4.2, popcnt, ht, tsc, tscinvbit

Memory: 4k page, physical 4109268k(1477156k free), swap 6599636k(2831512k free)

vm_info: Java HotSpot(TM) 64-Bit Server VM (23.2-b09) for windows-amd64 JRE (1.7.0_06-b24), built on Aug  9 2012 20:44:07 by "java_re" with unknown MS VC++:1600

time: Mon Sep 24 17:07:59 2012
elapsed time: 0 seconds

