#
# A fatal error has been detected by the Java Runtime Environment:
#
#  Internal Error (javaClasses.cpp:129), pid=4860, tid=864
#  fatal error: Invalid layout of preloaded class
#
# JRE version: 7.0_15-b03
# Java VM: Java HotSpot(TM) 64-Bit Server VM (23.7-b01 mixed mode windows-amd64 compressed oops)
# Failed to write core dump. Minidumps are not enabled by default on client versions of Windows
#
# If you would like to submit a bug report, please visit:
#   http://bugreport.sun.com/bugreport/crash.jsp
#

---------------  T H R E A D  ---------------

Current thread (0x00000000020ed800):  JavaThread "Unknown thread" [_thread_in_vm, id=864, stack(0x0000000002160000,0x0000000002260000)]

Stack: [0x0000000002160000,0x0000000002260000]

---------------  P R O C E S S  ---------------

Java Threads: ( => current thread )

Other Threads:

=>0x00000000020ed800 (exited) JavaThread "Unknown thread" [_thread_in_vm, id=864, stack(0x0000000002160000,0x0000000002260000)]

VM state:not at safepoint (not fully initialized)

VM Mutex/Monitor currently owned by a thread: None

GC Heap History (0 events):
No events

Deoptimization events (0 events):
No events

Internal exceptions (0 events):
No events

Events (10 events):
Event: 0.006 loading class 0x00000000022736c0 done
Event: 0.006 loading class 0x0000000002273b40 done
Event: 0.006 loading class 0x0000000002273900
Event: 0.006 loading class 0x00000000022b17c0
Event: 0.006 loading class 0x00000000022b17c0 done
Event: 0.006 loading class 0x00000000022b1800
Event: 0.007 loading class 0x00000000022b1800 done
Event: 0.007 loading class 0x000000000b22c460
Event: 0.007 loading class 0x000000000b22c460 done
Event: 0.007 loading class 0x0000000002273900 done


Dynamic libraries:
0x000007f71d010000 - 0x000007f71d043000 	C:\Program Files\Java\jre7\bin\javaw.exe
0x000007fa122f0000 - 0x000007fa124ae000 	C:\Windows\SYSTEM32\ntdll.dll
0x000007fa11ae0000 - 0x000007fa11c16000 	C:\Windows\system32\KERNEL32.DLL
0x000007fa0f660000 - 0x000007fa0f753000 	C:\Windows\system32\KERNELBASE.dll
0x000007fa11f80000 - 0x000007fa1205e000 	C:\Windows\system32\ADVAPI32.dll
0x000007fa11690000 - 0x000007fa117dc000 	C:\Windows\system32\USER32.dll
0x000007fa0cac0000 - 0x000007fa0cd29000 	C:\Windows\WinSxS\amd64_microsoft.windows.common-controls_6595b64144ccf1df_6.0.9200.16384_none_418c2a697189c07f\COMCTL32.dll
0x000007fa12200000 - 0x000007fa122a5000 	C:\Windows\system32\msvcrt.dll
0x000007fa0f8c0000 - 0x000007fa0f908000 	C:\Windows\SYSTEM32\sechost.dll
0x000007fa11cf0000 - 0x000007fa11e30000 	C:\Windows\system32\RPCRT4.dll
0x000007fa113a0000 - 0x000007fa114e0000 	C:\Windows\system32\GDI32.dll
0x000007fa122b0000 - 0x000007fa122e9000 	C:\Windows\system32\IMM32.DLL
0x000007fa0fd60000 - 0x000007fa0fe75000 	C:\Windows\system32\MSCTF.dll
0x000007fa0f200000 - 0x000007fa0f208000 	C:\PROGRA~2\NVIDIA~1\3DVISI~1\NVSTIN~1.DLL
0x000007fa114e0000 - 0x000007fa114e7000 	C:\Windows\system32\PSAPI.DLL
0x00000000694e0000 - 0x0000000069583000 	C:\Windows\WinSxS\amd64_microsoft.vc90.crt_1fc8b3b9a1e18e3b_9.0.30729.6871_none_08e717a5a83adddf\MSVCR90.dll
0x0000000068000000 - 0x00000000680d1000 	C:\Program Files\Java\jre7\bin\msvcr100.dll
0x00000000678e0000 - 0x0000000067fff000 	C:\Program Files\Java\jre7\bin\server\jvm.dll
0x000007f9fd580000 - 0x000007f9fd589000 	C:\Windows\SYSTEM32\WSOCK32.dll
0x000007fa0cf00000 - 0x000007fa0cf20000 	C:\Windows\SYSTEM32\WINMM.dll
0x000007fa11c90000 - 0x000007fa11ce8000 	C:\Windows\system32\WS2_32.dll
0x000007fa0cd40000 - 0x000007fa0cd72000 	C:\Windows\SYSTEM32\WINMMBASE.dll
0x000007fa11c20000 - 0x000007fa11c29000 	C:\Windows\system32\NSI.dll
0x00000000678d0000 - 0x00000000678df000 	C:\Program Files\Java\jre7\bin\verify.dll
0x00000000678a0000 - 0x00000000678c8000 	C:\Program Files\Java\jre7\bin\java.dll
0x0000000067880000 - 0x0000000067895000 	C:\Program Files\Java\jre7\bin\zip.dll

VM Arguments:
jvm_args: -Dfile.encoding=Cp1252 -Xbootclasspath:D:\Programme\adt-bundle-windows-x86_64\sdk\platforms\android-17\android.jar 
java_command: com.modzelewski.nfcgb.persistence.DatabaseConfigUtil
Launcher Type: SUN_STANDARD

Environment Variables:
PATH=C:\Program Files (x86)\NVIDIA Corporation\PhysX\Common;C:\Windows\system32;C:\Windows;C:\Windows\System32\Wbem;C:\Windows\System32\WindowsPowerShell\v1.0\;C:\Program Files\MiKTeX 2.9\miktex\bin\x64\;C:\Program Files (x86)\Calibre2\;C:\Program Files\TortoiseSVN\bin
USERNAME=Markus
OS=Windows_NT
PROCESSOR_IDENTIFIER=Intel64 Family 6 Model 42 Stepping 7, GenuineIntel



---------------  S Y S T E M  ---------------

OS: Windows 8 , 64 bit Build 9200 

CPU:total 4 (4 cores per cpu, 1 threads per core) family 6 model 42 stepping 7, cmov, cx8, fxsr, mmx, sse, sse2, sse3, ssse3, sse4.1, sse4.2, popcnt, avx, tsc, tscinvbit

Memory: 4k page, physical 8354956k(5449436k free), swap 9600140k(5879292k free)

vm_info: Java HotSpot(TM) 64-Bit Server VM (23.7-b01) for windows-amd64 JRE (1.7.0_15-b03), built on Feb 15 2013 13:43:57 by "java_re" with unknown MS VC++:1600

time: Thu Feb 21 21:45:43 2013
elapsed time: 0 seconds

